<?xml version="1.0" encoding="UTF-8"?>
<testsuite name="swagger.petstore.crudtest.DataDrivenTest" time="22.281" tests="25" errors="0" skipped="0" failures="0">
  <properties>
    <property name="idea.version" value="2022.2.2"/>
    <property name="java.runtime.name" value="Java(TM) SE Runtime Environment"/>
    <property name="sun.boot.library.path" value="C:\Program Files\Java\jdk1.8.0_121\jre\bin"/>
    <property name="java.vm.version" value="25.121-b13"/>
    <property name="java.vm.vendor" value="Oracle Corporation"/>
    <property name="maven.multiModuleProjectDirectory" value="C:\Users\hetar\IdeaProjects\cucumber-petstore-week19"/>
    <property name="java.vendor.url" value="http://java.oracle.com/"/>
    <property name="path.separator" value=";"/>
    <property name="guice.disable.misplaced.annotation.check" value="true"/>
    <property name="java.vm.name" value="Java HotSpot(TM) 64-Bit Server VM"/>
    <property name="file.encoding.pkg" value="sun.io"/>
    <property name="user.script" value=""/>
    <property name="user.country" value="GB"/>
    <property name="sun.java.launcher" value="SUN_STANDARD"/>
    <property name="sun.os.patch.level" value=""/>
    <property name="java.vm.specification.name" value="Java Virtual Machine Specification"/>
    <property name="user.dir" value="C:\Users\hetar\IdeaProjects\cucumber-petstore-week19"/>
    <property name="java.runtime.version" value="1.8.0_121-b13"/>
    <property name="java.awt.graphicsenv" value="sun.awt.Win32GraphicsEnvironment"/>
    <property name="java.endorsed.dirs" value="C:\Program Files\Java\jdk1.8.0_121\jre\lib\endorsed"/>
    <property name="os.arch" value="amd64"/>
    <property name="java.io.tmpdir" value="C:\Users\hetar\AppData\Local\Temp\"/>
    <property name="line.separator" value="&#10;"/>
    <property name="java.vm.specification.vendor" value="Oracle Corporation"/>
    <property name="user.variant" value=""/>
    <property name="os.name" value="Windows 10"/>
    <property name="maven.ext.class.path" value="C:\Program Files\JetBrains\IntelliJ IDEA Community Edition 2022.2.2\plugins\maven\lib\maven-event-listener.jar"/>
    <property name="classworlds.conf" value="C:\Program Files\JetBrains\IntelliJ IDEA Community Edition 2022.2.2\plugins\maven\lib\maven3\bin\m2.conf"/>
    <property name="sun.jnu.encoding" value="Cp1252"/>
    <property name="java.library.path" value="C:\Program Files\Java\jdk1.8.0_121\bin;C:\WINDOWS\Sun\Java\bin;C:\WINDOWS\system32;C:\WINDOWS;C:\ProgramData\Oracle\Java\javapath;C:\WINDOWS\system32;C:\WINDOWS;C:\WINDOWS\System32\Wbem;C:\WINDOWS\System32\WindowsPowerShell\v1.0\;C:\WINDOWS\System32\OpenSSH\;C:\Program Files\Java\jdk1.8.0_121\bin;C:\Program Files\Git\cmd;C:\Program Files\Apache\apache-maven-3.8.6\bin;C:\Program Files\nodejs\;C:\Users\hetar\AppData\Local\Microsoft\WindowsApps;C:\Users\hetar\AppData\Roaming\npm;."/>
    <property name="maven.conf" value="C:\Program Files\JetBrains\IntelliJ IDEA Community Edition 2022.2.2\plugins\maven\lib\maven3/conf"/>
    <property name="java.specification.name" value="Java Platform API Specification"/>
    <property name="java.class.version" value="52.0"/>
    <property name="sun.management.compiler" value="HotSpot 64-Bit Tiered Compilers"/>
    <property name="os.version" value="10.0"/>
    <property name="user.home" value="C:\Users\hetar"/>
    <property name="user.timezone" value="Europe/London"/>
    <property name="java.awt.printerjob" value="sun.awt.windows.WPrinterJob"/>
    <property name="java.specification.version" value="1.8"/>
    <property name="file.encoding" value="UTF-8"/>
    <property name="user.name" value="hetar"/>
    <property name="java.class.path" value="C:\Program Files\JetBrains\IntelliJ IDEA Community Edition 2022.2.2\plugins\maven\lib\maven3\boot\plexus-classworlds-2.6.0.jar;C:\Program Files\JetBrains\IntelliJ IDEA Community Edition 2022.2.2\plugins\maven\lib\maven3\boot\plexus-classworlds.license;C:\Program Files\JetBrains\IntelliJ IDEA Community Edition 2022.2.2\lib\idea_rt.jar"/>
    <property name="java.vm.specification.version" value="1.8"/>
    <property name="sun.arch.data.model" value="64"/>
    <property name="java.home" value="C:\Program Files\Java\jdk1.8.0_121\jre"/>
    <property name="sun.java.command" value="org.codehaus.classworlds.Launcher -Didea.version=2022.2.2 clean verify serenity:aggregate"/>
    <property name="java.specification.vendor" value="Oracle Corporation"/>
    <property name="user.language" value="en"/>
    <property name="awt.toolkit" value="sun.awt.windows.WToolkit"/>
    <property name="java.vm.info" value="mixed mode"/>
    <property name="java.version" value="1.8.0_121"/>
    <property name="java.ext.dirs" value="C:\Program Files\Java\jdk1.8.0_121\jre\lib\ext;C:\WINDOWS\Sun\Java\lib\ext"/>
    <property name="sun.boot.class.path" value="C:\Program Files\Java\jdk1.8.0_121\jre\lib\resources.jar;C:\Program Files\Java\jdk1.8.0_121\jre\lib\rt.jar;C:\Program Files\Java\jdk1.8.0_121\jre\lib\sunrsasign.jar;C:\Program Files\Java\jdk1.8.0_121\jre\lib\jsse.jar;C:\Program Files\Java\jdk1.8.0_121\jre\lib\jce.jar;C:\Program Files\Java\jdk1.8.0_121\jre\lib\charsets.jar;C:\Program Files\Java\jdk1.8.0_121\jre\lib\jfr.jar;C:\Program Files\Java\jdk1.8.0_121\jre\classes"/>
    <property name="java.vendor" value="Oracle Corporation"/>
    <property name="maven.home" value="C:\Program Files\JetBrains\IntelliJ IDEA Community Edition 2022.2.2\plugins\maven\lib\maven3"/>
    <property name="file.separator" value="\"/>
    <property name="java.vendor.url.bug" value="http://bugreport.sun.com/bugreport/"/>
    <property name="sun.cpu.endian" value="little"/>
    <property name="sun.io.unicode.encoding" value="UnicodeLittle"/>
    <property name="sun.desktop" value="windows"/>
    <property name="sun.cpu.isalist" value="amd64"/>
  </properties>
  <testcase name="createMultipleUsers[0]" classname="swagger.petstore.crudtest.DataDrivenTest" time="8.794"/>
  <testcase name="createMultipleUsers[1]" classname="swagger.petstore.crudtest.DataDrivenTest" time="0.623"/>
  <testcase name="createMultipleUsers[2]" classname="swagger.petstore.crudtest.DataDrivenTest" time="0.608"/>
  <testcase name="createMultipleUsers[3]" classname="swagger.petstore.crudtest.DataDrivenTest" time="0.536"/>
  <testcase name="createMultipleUsers[4]" classname="swagger.petstore.crudtest.DataDrivenTest" time="0.61"/>
  <testcase name="createMultipleUsers[5]" classname="swagger.petstore.crudtest.DataDrivenTest" time="0.542"/>
  <testcase name="createMultipleUsers[6]" classname="swagger.petstore.crudtest.DataDrivenTest" time="0.546"/>
  <testcase name="createMultipleUsers[7]" classname="swagger.petstore.crudtest.DataDrivenTest" time="0.601"/>
  <testcase name="createMultipleUsers[8]" classname="swagger.petstore.crudtest.DataDrivenTest" time="0.579"/>
  <testcase name="createMultipleUsers[9]" classname="swagger.petstore.crudtest.DataDrivenTest" time="0.543"/>
  <testcase name="createMultipleUsers[10]" classname="swagger.petstore.crudtest.DataDrivenTest" time="0.583"/>
  <testcase name="createMultipleUsers[11]" classname="swagger.petstore.crudtest.DataDrivenTest" time="0.585"/>
  <testcase name="createMultipleUsers[12]" classname="swagger.petstore.crudtest.DataDrivenTest" time="0.59"/>
  <testcase name="createMultipleUsers[13]" classname="swagger.petstore.crudtest.DataDrivenTest" time="0.584"/>
  <testcase name="createMultipleUsers[14]" classname="swagger.petstore.crudtest.DataDrivenTest" time="0.581"/>
  <testcase name="createMultipleUsers[15]" classname="swagger.petstore.crudtest.DataDrivenTest" time="0.546"/>
  <testcase name="createMultipleUsers[16]" classname="swagger.petstore.crudtest.DataDrivenTest" time="0.523"/>
  <testcase name="createMultipleUsers[17]" classname="swagger.petstore.crudtest.DataDrivenTest" time="0.519"/>
  <testcase name="createMultipleUsers[18]" classname="swagger.petstore.crudtest.DataDrivenTest" time="0.531"/>
  <testcase name="createMultipleUsers[19]" classname="swagger.petstore.crudtest.DataDrivenTest" time="0.527"/>
  <testcase name="createMultipleUsers[20]" classname="swagger.petstore.crudtest.DataDrivenTest" time="0.518"/>
  <testcase name="createMultipleUsers[21]" classname="swagger.petstore.crudtest.DataDrivenTest" time="0.571"/>
  <testcase name="createMultipleUsers[22]" classname="swagger.petstore.crudtest.DataDrivenTest" time="0.59"/>
  <testcase name="createMultipleUsers[23]" classname="swagger.petstore.crudtest.DataDrivenTest" time="0.537"/>
  <testcase name="createMultipleUsers[24]" classname="swagger.petstore.crudtest.DataDrivenTest" time="0.514"/>
</testsuite>